[2015-01-22 19:56:48] /admin/index.php?act=dashboard&op=statistics ( act=dashboard&op=statistics ) 
ERR: Db Error: Table 'shopx.shopx_vr_refund' doesn't exist
SELECT COUNT(*) AS nc_count FROM `shopx_vr_refund` WHERE ( admin_state = '1' ) LIMIT 1  
[2015-01-22 19:56:48] /admin/index.php?act=dashboard&op=statistics ( act=dashboard&op=statistics ) 
ERR: Db Error: Table 'shopx.shopx_vr_order_bill' doesn't exist
SELECT COUNT(*) AS nc_count FROM `shopx_vr_order_bill` WHERE ( ob_state = '2' ) LIMIT 1  
[2015-01-22 19:56:48] /admin/index.php?act=dashboard&op=statistics ( act=dashboard&op=statistics ) 
ERR: Db Error: Table 'shopx.shopx_vr_order_bill' doesn't exist
SELECT COUNT(*) AS nc_count FROM `shopx_vr_order_bill` WHERE ( ob_state = '3' ) LIMIT 1  
[2015-01-22 19:56:54] /admin/index.php?act=cache&op=clear ( act=cache&op=clear ) 
ERR: Db Error: Table 'shopx.shopx_web' doesn't exist
SELECT * FROM `shopx_web` WHERE ( web_show = '1' ) AND ( web_page LIKE 'index%' ) ORDER BY web_sort LIMIT 1000  
[2015-01-22 19:57:02] /shop/ ( act=index&op=index ) 
ERR: Db Error: Table 'shopx.shopx_web' doesn't exist
SELECT * FROM `shopx_web` WHERE ( web_show = '1' ) AND ( web_page LIKE 'index%' ) ORDER BY web_sort LIMIT 1000  
[2015-01-22 19:57:10] /shop/ ( act=index&op=index ) 
ERR: Db Error: Table 'shopx.shopx_web' doesn't exist
SELECT * FROM `shopx_web` WHERE ( web_show = '1' ) AND ( web_page LIKE 'index%' ) ORDER BY web_sort LIMIT 1000  
[2015-01-22 23:41:06] /admin/index.php?act=db&op=db&step=1 ( act=db&op=db ) 
ERR: Db Error: Table 'shopx.tablepreactivity' doesn't exist
SHOW CREATE TABLE TABLEPREactivity
[2015-01-22 23:41:06] /admin/index.php?act=db&op=db&step=1 ( act=db&op=db ) 
ERR: Db Error: Table 'shopx.tablepreactivity_detail' doesn't exist
SHOW CREATE TABLE TABLEPREactivity_detail
[2015-01-22 23:41:06] /admin/index.php?act=db&op=db&step=1 ( act=db&op=db ) 
ERR: Db Error: Table 'shopx.tablepreaddress' doesn't exist
SHOW CREATE TABLE TABLEPREaddress
[2015-01-22 23:41:06] /admin/index.php?act=db&op=db&step=1 ( act=db&op=db ) 
ERR: Db Error: Table 'shopx.tablepreadmin' doesn't exist
SHOW CREATE TABLE TABLEPREadmin
[2015-01-22 23:41:06] /admin/index.php?act=db&op=db&step=1 ( act=db&op=db ) 
ERR: Db Error: Table 'shopx.tablepreadmin_log' doesn't exist
SHOW CREATE TABLE TABLEPREadmin_log
[2015-01-22 23:41:06] /admin/index.php?act=db&op=db&step=1 ( act=db&op=db ) 
ERR: Db Error: Table 'shopx.tablepreadv' doesn't exist
SHOW CREATE TABLE TABLEPREadv
[2015-01-22 23:41:06] /admin/index.php?act=db&op=db&step=1 ( act=db&op=db ) 
ERR: Db Error: Table 'shopx.tablepreadv_click' doesn't exist
SHOW CREATE TABLE TABLEPREadv_click
[2015-01-22 23:41:06] /admin/index.php?act=db&op=db&step=1 ( act=db&op=db ) 
ERR: Db Error: Table 'shopx.tablepreadv_position' doesn't exist
SHOW CREATE TABLE TABLEPREadv_position
[2015-01-22 23:41:06] /admin/index.php?act=db&op=db&step=1 ( act=db&op=db ) 
ERR: Db Error: Table 'shopx.tableprealbum_class' doesn't exist
SHOW CREATE TABLE TABLEPREalbum_class
[2015-01-22 23:41:06] /admin/index.php?act=db&op=db&step=1 ( act=db&op=db ) 
ERR: Db Error: Table 'shopx.tableprealbum_pic' doesn't exist
SHOW CREATE TABLE TABLEPREalbum_pic
[2015-01-22 23:41:06] /admin/index.php?act=db&op=db&step=1 ( act=db&op=db ) 
ERR: Db Error: Table 'shopx.tableprearea' doesn't exist
SHOW CREATE TABLE TABLEPREarea
[2015-01-22 23:41:06] /admin/index.php?act=db&op=db&step=1 ( act=db&op=db ) 
ERR: Db Error: Table 'shopx.tableprearrival_notice' doesn't exist
SHOW CREATE TABLE TABLEPREarrival_notice
[2015-01-22 23:41:06] /admin/index.php?act=db&op=db&step=1 ( act=db&op=db ) 
ERR: Db Error: Table 'shopx.tableprearticle' doesn't exist
SHOW CREATE TABLE TABLEPREarticle
[2015-01-22 23:41:06] /admin/index.php?act=db&op=db&step=1 ( act=db&op=db ) 
ERR: Db Error: Table 'shopx.tableprearticle_class' doesn't exist
SHOW CREATE TABLE TABLEPREarticle_class
[2015-01-22 23:41:06] /admin/index.php?act=db&op=db&step=1 ( act=db&op=db ) 
ERR: Db Error: Table 'shopx.tablepreattribute' doesn't exist
SHOW CREATE TABLE TABLEPREattribute
[2015-01-22 23:41:06] /admin/index.php?act=db&op=db&step=1 ( act=db&op=db ) 
ERR: Db Error: Table 'shopx.tablepreattribute_value' doesn't exist
SHOW CREATE TABLE TABLEPREattribute_value
[2015-01-22 23:41:06] /admin/index.php?act=db&op=db&step=1 ( act=db&op=db ) 
ERR: Db Error: Table 'shopx.tableprebrand' doesn't exist
SHOW CREATE TABLE TABLEPREbrand
[2015-01-22 23:41:06] /admin/index.php?act=db&op=db&step=1 ( act=db&op=db ) 
ERR: Db Error: Table 'shopx.tableprecart' doesn't exist
SHOW CREATE TABLE TABLEPREcart
[2015-01-22 23:41:06] /admin/index.php?act=db&op=db&step=1 ( act=db&op=db ) 
ERR: Db Error: Table 'shopx.tableprechat_log' doesn't exist
SHOW CREATE TABLE TABLEPREchat_log
[2015-01-22 23:41:06] /admin/index.php?act=db&op=db&step=1 ( act=db&op=db ) 
ERR: Db Error: Table 'shopx.tableprechat_msg' doesn't exist
SHOW CREATE TABLE TABLEPREchat_msg
[2015-01-22 23:41:06] /admin/index.php?act=db&op=db&step=1 ( act=db&op=db ) 
ERR: Db Error: Table 'shopx.tableprecircle' doesn't exist
SHOW CREATE TABLE TABLEPREcircle
[2015-01-22 23:41:06] /admin/index.php?act=db&op=db&step=1 ( act=db&op=db ) 
ERR: Db Error: Table 'shopx.tableprecircle_affix' doesn't exist
SHOW CREATE TABLE TABLEPREcircle_affix
[2015-01-22 23:41:06] /admin/index.php?act=db&op=db&step=1 ( act=db&op=db ) 
ERR: Db Error: Table 'shopx.tableprecircle_class' doesn't exist
SHOW CREATE TABLE TABLEPREcircle_class
[2015-01-22 23:41:06] /admin/index.php?act=db&op=db&step=1 ( act=db&op=db ) 
ERR: Db Error: Table 'shopx.tableprecircle_explog' doesn't exist
SHOW CREATE TABLE TABLEPREcircle_explog
[2015-01-22 23:41:06] /admin/index.php?act=db&op=db&step=1 ( act=db&op=db ) 
ERR: Db Error: Table 'shopx.tableprecircle_expmember' doesn't exist
SHOW CREATE TABLE TABLEPREcircle_expmember
[2015-01-22 23:41:06] /admin/index.php?act=db&op=db&step=1 ( act=db&op=db ) 
ERR: Db Error: Table 'shopx.tableprecircle_exptheme' doesn't exist
SHOW CREATE TABLE TABLEPREcircle_exptheme
[2015-01-22 23:41:06] /admin/index.php?act=db&op=db&step=1 ( act=db&op=db ) 
ERR: Db Error: Table 'shopx.tableprecircle_fs' doesn't exist
SHOW CREATE TABLE TABLEPREcircle_fs
[2015-01-22 23:41:06] /admin/index.php?act=db&op=db&step=1 ( act=db&op=db ) 
ERR: Db Error: Table 'shopx.tableprecircle_inform' doesn't exist
SHOW CREATE TABLE TABLEPREcircle_inform
[2015-01-22 23:41:06] /admin/index.php?act=db&op=db&step=1 ( act=db&op=db ) 
ERR: Db Error: Table 'shopx.tableprecircle_like' doesn't exist
SHOW CREATE TABLE TABLEPREcircle_like
[2015-01-22 23:41:06] /admin/index.php?act=db&op=db&step=1 ( act=db&op=db ) 
ERR: Db Error: Table 'shopx.tableprecircle_mapply' doesn't exist
SHOW CREATE TABLE TABLEPREcircle_mapply
[2015-01-22 23:41:06] /admin/index.php?act=db&op=db&step=1 ( act=db&op=db ) 
ERR: Db Error: Table 'shopx.tableprecircle_member' doesn't exist
SHOW CREATE TABLE TABLEPREcircle_member
[2015-01-22 23:41:06] /admin/index.php?act=db&op=db&step=1 ( act=db&op=db ) 
ERR: Db Error: Table 'shopx.tableprecircle_ml' doesn't exist
SHOW CREATE TABLE TABLEPREcircle_ml
[2015-01-22 23:41:06] /admin/index.php?act=db&op=db&step=1 ( act=db&op=db ) 
ERR: Db Error: Table 'shopx.tableprecircle_mldefault' doesn't exist
SHOW CREATE TABLE TABLEPREcircle_mldefault
[2015-01-22 23:41:06] /admin/index.php?act=db&op=db&step=1 ( act=db&op=db ) 
ERR: Db Error: Table 'shopx.tableprecircle_mlref' doesn't exist
SHOW CREATE TABLE TABLEPREcircle_mlref
[2015-01-22 23:41:06] /admin/index.php?act=db&op=db&step=1 ( act=db&op=db ) 
ERR: Db Error: Table 'shopx.tableprecircle_recycle' doesn't exist
SHOW CREATE TABLE TABLEPREcircle_recycle
[2015-01-22 23:41:06] /admin/index.php?act=db&op=db&step=1 ( act=db&op=db ) 
ERR: Db Error: Table 'shopx.tableprecircle_thclass' doesn't exist
SHOW CREATE TABLE TABLEPREcircle_thclass
[2015-01-22 23:41:06] /admin/index.php?act=db&op=db&step=1 ( act=db&op=db ) 
ERR: Db Error: Table 'shopx.tableprecircle_theme' doesn't exist
SHOW CREATE TABLE TABLEPREcircle_theme
[2015-01-22 23:41:06] /admin/index.php?act=db&op=db&step=1 ( act=db&op=db ) 
ERR: Db Error: Table 'shopx.tableprecircle_thg' doesn't exist
SHOW CREATE TABLE TABLEPREcircle_thg
[2015-01-22 23:41:06] /admin/index.php?act=db&op=db&step=1 ( act=db&op=db ) 
ERR: Db Error: Table 'shopx.tableprecircle_thpoll' doesn't exist
SHOW CREATE TABLE TABLEPREcircle_thpoll
[2015-01-22 23:41:06] /admin/index.php?act=db&op=db&step=1 ( act=db&op=db ) 
ERR: Db Error: Table 'shopx.tableprecircle_thpolloption' doesn't exist
SHOW CREATE TABLE TABLEPREcircle_thpolloption
[2015-01-22 23:41:06] /admin/index.php?act=db&op=db&step=1 ( act=db&op=db ) 
ERR: Db Error: Table 'shopx.tableprecircle_thpollvoter' doesn't exist
SHOW CREATE TABLE TABLEPREcircle_thpollvoter
[2015-01-22 23:41:06] /admin/index.php?act=db&op=db&step=1 ( act=db&op=db ) 
ERR: Db Error: Table 'shopx.tableprecircle_threply' doesn't exist
SHOW CREATE TABLE TABLEPREcircle_threply
[2015-01-22 23:41:06] /admin/index.php?act=db&op=db&step=1 ( act=db&op=db ) 
ERR: Db Error: Table 'shopx.tableprecms_article' doesn't exist
SHOW CREATE TABLE TABLEPREcms_article
[2015-01-22 23:41:06] /admin/index.php?act=db&op=db&step=1 ( act=db&op=db ) 
ERR: Db Error: Table 'shopx.tableprecms_article_attitude' doesn't exist
SHOW CREATE TABLE TABLEPREcms_article_attitude
[2015-01-22 23:41:06] /admin/index.php?act=db&op=db&step=1 ( act=db&op=db ) 
ERR: Db Error: Table 'shopx.tableprecms_article_class' doesn't exist
SHOW CREATE TABLE TABLEPREcms_article_class
[2015-01-22 23:41:06] /admin/index.php?act=db&op=db&step=1 ( act=db&op=db ) 
ERR: Db Error: Table 'shopx.tableprecms_comment' doesn't exist
SHOW CREATE TABLE TABLEPREcms_comment
[2015-01-22 23:41:06] /admin/index.php?act=db&op=db&step=1 ( act=db&op=db ) 
ERR: Db Error: Table 'shopx.tableprecms_comment_up' doesn't exist
SHOW CREATE TABLE TABLEPREcms_comment_up
[2015-01-22 23:41:06] /admin/index.php?act=db&op=db&step=1 ( act=db&op=db ) 
ERR: Db Error: Table 'shopx.tableprecms_index_module' doesn't exist
SHOW CREATE TABLE TABLEPREcms_index_module
[2015-01-22 23:41:06] /admin/index.php?act=db&op=db&step=1 ( act=db&op=db ) 
ERR: Db Error: Table 'shopx.tableprecms_module' doesn't exist
SHOW CREATE TABLE TABLEPREcms_module
[2015-01-22 23:41:06] /admin/index.php?act=db&op=db&step=1 ( act=db&op=db ) 
ERR: Db Error: Table 'shopx.tableprecms_module_assembly' doesn't exist
SHOW CREATE TABLE TABLEPREcms_module_assembly
[2015-01-22 23:41:06] /admin/index.php?act=db&op=db&step=1 ( act=db&op=db ) 
ERR: Db Error: Table 'shopx.tableprecms_module_frame' doesn't exist
SHOW CREATE TABLE TABLEPREcms_module_frame
[2015-01-22 23:41:06] /admin/index.php?act=db&op=db&step=1 ( act=db&op=db ) 
ERR: Db Error: Table 'shopx.tableprecms_navigation' doesn't exist
SHOW CREATE TABLE TABLEPREcms_navigation
[2015-01-22 23:41:06] /admin/index.php?act=db&op=db&step=1 ( act=db&op=db ) 
ERR: Db Error: Table 'shopx.tableprecms_picture' doesn't exist
SHOW CREATE TABLE TABLEPREcms_picture
[2015-01-22 23:41:06] /admin/index.php?act=db&op=db&step=1 ( act=db&op=db ) 
ERR: Db Error: Table 'shopx.tableprecms_picture_class' doesn't exist
SHOW CREATE TABLE TABLEPREcms_picture_class
[2015-01-22 23:41:06] /admin/index.php?act=db&op=db&step=1 ( act=db&op=db ) 
ERR: Db Error: Table 'shopx.tableprecms_picture_image' doesn't exist
SHOW CREATE TABLE TABLEPREcms_picture_image
[2015-01-22 23:41:06] /admin/index.php?act=db&op=db&step=1 ( act=db&op=db ) 
ERR: Db Error: Table 'shopx.tableprecms_special' doesn't exist
SHOW CREATE TABLE TABLEPREcms_special
[2015-01-22 23:41:06] /admin/index.php?act=db&op=db&step=1 ( act=db&op=db ) 
ERR: Db Error: Table 'shopx.tableprecms_tag' doesn't exist
SHOW CREATE TABLE TABLEPREcms_tag
[2015-01-22 23:41:06] /admin/index.php?act=db&op=db&step=1 ( act=db&op=db ) 
ERR: Db Error: Table 'shopx.tableprecms_tag_relation' doesn't exist
SHOW CREATE TABLE TABLEPREcms_tag_relation
[2015-01-22 23:41:06] /admin/index.php?act=db&op=db&step=1 ( act=db&op=db ) 
ERR: Db Error: Table 'shopx.tableprecomplain' doesn't exist
SHOW CREATE TABLE TABLEPREcomplain
[2015-01-22 23:41:06] /admin/index.php?act=db&op=db&step=1 ( act=db&op=db ) 
ERR: Db Error: Table 'shopx.tableprecomplain_subject' doesn't exist
SHOW CREATE TABLE TABLEPREcomplain_subject
[2015-01-22 23:41:06] /admin/index.php?act=db&op=db&step=1 ( act=db&op=db ) 
ERR: Db Error: Table 'shopx.tableprecomplain_talk' doesn't exist
SHOW CREATE TABLE TABLEPREcomplain_talk
[2015-01-22 23:41:06] /admin/index.php?act=db&op=db&step=1 ( act=db&op=db ) 
ERR: Db Error: Table 'shopx.tablepreconsult' doesn't exist
SHOW CREATE TABLE TABLEPREconsult
[2015-01-22 23:41:06] /admin/index.php?act=db&op=db&step=1 ( act=db&op=db ) 
ERR: Db Error: Table 'shopx.tablepreconsult_type' doesn't exist
SHOW CREATE TABLE TABLEPREconsult_type
[2015-01-22 23:41:06] /admin/index.php?act=db&op=db&step=1 ( act=db&op=db ) 
ERR: Db Error: Table 'shopx.tableprecron' doesn't exist
SHOW CREATE TABLE TABLEPREcron
[2015-01-22 23:41:06] /admin/index.php?act=db&op=db&step=1 ( act=db&op=db ) 
ERR: Db Error: Table 'shopx.tablepredaddress' doesn't exist
SHOW CREATE TABLE TABLEPREdaddress
[2015-01-22 23:41:06] /admin/index.php?act=db&op=db&step=1 ( act=db&op=db ) 
ERR: Db Error: Table 'shopx.tablepredelivery_order' doesn't exist
SHOW CREATE TABLE TABLEPREdelivery_order
[2015-01-22 23:41:06] /admin/index.php?act=db&op=db&step=1 ( act=db&op=db ) 
ERR: Db Error: Table 'shopx.tablepredelivery_point' doesn't exist
SHOW CREATE TABLE TABLEPREdelivery_point
[2015-01-22 23:41:06] /admin/index.php?act=db&op=db&step=1 ( act=db&op=db ) 
ERR: Db Error: Table 'shopx.tablepredocument' doesn't exist
SHOW CREATE TABLE TABLEPREdocument
[2015-01-22 23:41:06] /admin/index.php?act=db&op=db&step=1 ( act=db&op=db ) 
ERR: Db Error: Table 'shopx.tablepreevaluate_goods' doesn't exist
SHOW CREATE TABLE TABLEPREevaluate_goods
[2015-01-22 23:41:06] /admin/index.php?act=db&op=db&step=1 ( act=db&op=db ) 
ERR: Db Error: Table 'shopx.tablepreevaluate_store' doesn't exist
SHOW CREATE TABLE TABLEPREevaluate_store
[2015-01-22 23:41:06] /admin/index.php?act=db&op=db&step=1 ( act=db&op=db ) 
ERR: Db Error: Table 'shopx.tablepreexppoints_log' doesn't exist
SHOW CREATE TABLE TABLEPREexppoints_log
[2015-01-22 23:41:06] /admin/index.php?act=db&op=db&step=1 ( act=db&op=db ) 
ERR: Db Error: Table 'shopx.tablepreexpress' doesn't exist
SHOW CREATE TABLE TABLEPREexpress
[2015-01-22 23:41:06] /admin/index.php?act=db&op=db&step=1 ( act=db&op=db ) 
ERR: Db Error: Table 'shopx.tableprefavorites' doesn't exist
SHOW CREATE TABLE TABLEPREfavorites
[2015-01-22 23:41:06] /admin/index.php?act=db&op=db&step=1 ( act=db&op=db ) 
ERR: Db Error: Table 'shopx.tablepreflea' doesn't exist
SHOW CREATE TABLE TABLEPREflea
[2015-01-22 23:41:06] /admin/index.php?act=db&op=db&step=1 ( act=db&op=db ) 
ERR: Db Error: Table 'shopx.tablepreflea_area' doesn't exist
SHOW CREATE TABLE TABLEPREflea_area
[2015-01-22 23:41:06] /admin/index.php?act=db&op=db&step=1 ( act=db&op=db ) 
ERR: Db Error: Table 'shopx.tablepreflea_class' doesn't exist
SHOW CREATE TABLE TABLEPREflea_class
[2015-01-22 23:41:06] /admin/index.php?act=db&op=db&step=1 ( act=db&op=db ) 
ERR: Db Error: Table 'shopx.tablepreflea_class_index' doesn't exist
SHOW CREATE TABLE TABLEPREflea_class_index
[2015-01-22 23:41:06] /admin/index.php?act=db&op=db&step=1 ( act=db&op=db ) 
ERR: Db Error: Table 'shopx.tablepreflea_consult' doesn't exist
SHOW CREATE TABLE TABLEPREflea_consult
[2015-01-22 23:41:06] /admin/index.php?act=db&op=db&step=1 ( act=db&op=db ) 
ERR: Db Error: Table 'shopx.tablepreflea_favorites' doesn't exist
SHOW CREATE TABLE TABLEPREflea_favorites
[2015-01-22 23:41:06] /admin/index.php?act=db&op=db&step=1 ( act=db&op=db ) 
ERR: Db Error: Table 'shopx.tablepreflea_upload' doesn't exist
SHOW CREATE TABLE TABLEPREflea_upload
[2015-01-22 23:41:06] /admin/index.php?act=db&op=db&step=1 ( act=db&op=db ) 
ERR: Db Error: Table 'shopx.tablepreflowstat' doesn't exist
SHOW CREATE TABLE TABLEPREflowstat
[2015-01-22 23:41:06] /admin/index.php?act=db&op=db&step=1 ( act=db&op=db ) 
ERR: Db Error: Table 'shopx.tablepreflowstat_1' doesn't exist
SHOW CREATE TABLE TABLEPREflowstat_1
[2015-01-22 23:41:06] /admin/index.php?act=db&op=db&step=1 ( act=db&op=db ) 
ERR: Db Error: Table 'shopx.tablepreflowstat_2' doesn't exist
SHOW CREATE TABLE TABLEPREflowstat_2
[2015-01-22 23:41:06] /admin/index.php?act=db&op=db&step=1 ( act=db&op=db ) 
ERR: Db Error: Table 'shopx.tablepregadmin' doesn't exist
SHOW CREATE TABLE TABLEPREgadmin
[2015-01-22 23:41:06] /admin/index.php?act=db&op=db&step=1 ( act=db&op=db ) 
ERR: Db Error: Table 'shopx.tablepregoods' doesn't exist
SHOW CREATE TABLE TABLEPREgoods
[2015-01-22 23:41:06] /admin/index.php?act=db&op=db&step=1 ( act=db&op=db ) 
ERR: Db Error: Table 'shopx.tablepregoods_attr_index' doesn't exist
SHOW CREATE TABLE TABLEPREgoods_attr_index
[2015-01-22 23:41:06] /admin/index.php?act=db&op=db&step=1 ( act=db&op=db ) 
ERR: Db Error: Table 'shopx.tablepregoods_browse' doesn't exist
SHOW CREATE TABLE TABLEPREgoods_browse
[2015-01-22 23:41:06] /admin/index.php?act=db&op=db&step=1 ( act=db&op=db ) 
ERR: Db Error: Table 'shopx.tablepregoods_class' doesn't exist
SHOW CREATE TABLE TABLEPREgoods_class
[2015-01-22 23:41:06] /admin/index.php?act=db&op=db&step=1 ( act=db&op=db ) 
ERR: Db Error: Table 'shopx.tablepregoods_class_staple' doesn't exist
SHOW CREATE TABLE TABLEPREgoods_class_staple
[2015-01-22 23:41:06] /admin/index.php?act=db&op=db&step=1 ( act=db&op=db ) 
ERR: Db Error: Table 'shopx.tablepregoods_class_tag' doesn't exist
SHOW CREATE TABLE TABLEPREgoods_class_tag
[2015-01-22 23:41:06] /admin/index.php?act=db&op=db&step=1 ( act=db&op=db ) 
ERR: Db Error: Table 'shopx.tablepregoods_combo' doesn't exist
SHOW CREATE TABLE TABLEPREgoods_combo
[2015-01-22 23:41:06] /admin/index.php?act=db&op=db&step=1 ( act=db&op=db ) 
ERR: Db Error: Table 'shopx.tablepregoods_common' doesn't exist
SHOW CREATE TABLE TABLEPREgoods_common
[2015-01-22 23:41:06] /admin/index.php?act=db&op=db&step=1 ( act=db&op=db ) 
ERR: Db Error: Table 'shopx.tablepregoods_fcode' doesn't exist
SHOW CREATE TABLE TABLEPREgoods_fcode
[2015-01-22 23:41:06] /admin/index.php?act=db&op=db&step=1 ( act=db&op=db ) 
ERR: Db Error: Table 'shopx.tablepregoods_gift' doesn't exist
SHOW CREATE TABLE TABLEPREgoods_gift
[2015-01-22 23:41:06] /admin/index.php?act=db&op=db&step=1 ( act=db&op=db ) 
ERR: Db Error: Table 'shopx.tablepregoods_images' doesn't exist
SHOW CREATE TABLE TABLEPREgoods_images
[2015-01-22 23:41:06] /admin/index.php?act=db&op=db&step=1 ( act=db&op=db ) 
ERR: Db Error: Table 'shopx.tablepregroupbuy' doesn't exist
SHOW CREATE TABLE TABLEPREgroupbuy
[2015-01-22 23:41:06] /admin/index.php?act=db&op=db&step=1 ( act=db&op=db ) 
ERR: Db Error: Table 'shopx.tablepregroupbuy_class' doesn't exist
SHOW CREATE TABLE TABLEPREgroupbuy_class
[2015-01-22 23:41:06] /admin/index.php?act=db&op=db&step=1 ( act=db&op=db ) 
ERR: Db Error: Table 'shopx.tablepregroupbuy_price_range' doesn't exist
SHOW CREATE TABLE TABLEPREgroupbuy_price_range
[2015-01-22 23:41:06] /admin/index.php?act=db&op=db&step=1 ( act=db&op=db ) 
ERR: Db Error: Table 'shopx.tablepregroupbuy_quota' doesn't exist
SHOW CREATE TABLE TABLEPREgroupbuy_quota
[2015-01-22 23:41:06] /admin/index.php?act=db&op=db&step=1 ( act=db&op=db ) 
ERR: Db Error: Table 'shopx.tableprehelp' doesn't exist
SHOW CREATE TABLE TABLEPREhelp
[2015-01-22 23:41:06] /admin/index.php?act=db&op=db&step=1 ( act=db&op=db ) 
ERR: Db Error: Table 'shopx.tableprehelp_type' doesn't exist
SHOW CREATE TABLE TABLEPREhelp_type
[2015-01-22 23:41:06] /admin/index.php?act=db&op=db&step=1 ( act=db&op=db ) 
ERR: Db Error: Table 'shopx.tablepreinform' doesn't exist
SHOW CREATE TABLE TABLEPREinform
[2015-01-22 23:41:06] /admin/index.php?act=db&op=db&step=1 ( act=db&op=db ) 
ERR: Db Error: Table 'shopx.tablepreinform_subject' doesn't exist
SHOW CREATE TABLE TABLEPREinform_subject
[2015-01-22 23:41:06] /admin/index.php?act=db&op=db&step=1 ( act=db&op=db ) 
ERR: Db Error: Table 'shopx.tablepreinform_subject_type' doesn't exist
SHOW CREATE TABLE TABLEPREinform_subject_type
[2015-01-22 23:41:06] /admin/index.php?act=db&op=db&step=1 ( act=db&op=db ) 
ERR: Db Error: Table 'shopx.tablepreinvoice' doesn't exist
SHOW CREATE TABLE TABLEPREinvoice
[2015-01-22 23:41:06] /admin/index.php?act=db&op=db&step=1 ( act=db&op=db ) 
ERR: Db Error: Table 'shopx.tableprelink' doesn't exist
SHOW CREATE TABLE TABLEPRElink
[2015-01-22 23:41:06] /admin/index.php?act=db&op=db&step=1 ( act=db&op=db ) 
ERR: Db Error: Table 'shopx.tableprelive_area' doesn't exist
SHOW CREATE TABLE TABLEPRElive_area
[2015-01-22 23:41:06] /admin/index.php?act=db&op=db&step=1 ( act=db&op=db ) 
ERR: Db Error: Table 'shopx.tableprelive_class' doesn't exist
SHOW CREATE TABLE TABLEPRElive_class
[2015-01-22 23:41:06] /admin/index.php?act=db&op=db&step=1 ( act=db&op=db ) 
ERR: Db Error: Table 'shopx.tableprelive_groupbuy' doesn't exist
SHOW CREATE TABLE TABLEPRElive_groupbuy
[2015-01-22 23:41:06] /admin/index.php?act=db&op=db&step=1 ( act=db&op=db ) 
ERR: Db Error: Table 'shopx.tableprelive_order' doesn't exist
SHOW CREATE TABLE TABLEPRElive_order
[2015-01-22 23:41:06] /admin/index.php?act=db&op=db&step=1 ( act=db&op=db ) 
ERR: Db Error: Table 'shopx.tableprelive_order_pwd' doesn't exist
SHOW CREATE TABLE TABLEPRElive_order_pwd
[2015-01-22 23:41:06] /admin/index.php?act=db&op=db&step=1 ( act=db&op=db ) 
ERR: Db Error: Table 'shopx.tableprelock' doesn't exist
SHOW CREATE TABLE TABLEPRElock
[2015-01-22 23:41:06] /admin/index.php?act=db&op=db&step=1 ( act=db&op=db ) 
ERR: Db Error: Table 'shopx.tablepremail_cron' doesn't exist
SHOW CREATE TABLE TABLEPREmail_cron
[2015-01-22 23:41:06] /admin/index.php?act=db&op=db&step=1 ( act=db&op=db ) 
ERR: Db Error: Table 'shopx.tablepremail_msg_temlates' doesn't exist
SHOW CREATE TABLE TABLEPREmail_msg_temlates
[2015-01-22 23:41:06] /admin/index.php?act=db&op=db&step=1 ( act=db&op=db ) 
ERR: Db Error: Table 'shopx.tablepremall_consult' doesn't exist
SHOW CREATE TABLE TABLEPREmall_consult
[2015-01-22 23:41:06] /admin/index.php?act=db&op=db&step=1 ( act=db&op=db ) 
ERR: Db Error: Table 'shopx.tablepremall_consult_type' doesn't exist
SHOW CREATE TABLE TABLEPREmall_consult_type
[2015-01-22 23:41:06] /admin/index.php?act=db&op=db&step=1 ( act=db&op=db ) 
ERR: Db Error: Table 'shopx.tablepremb_category' doesn't exist
SHOW CREATE TABLE TABLEPREmb_category
[2015-01-22 23:41:06] /admin/index.php?act=db&op=db&step=1 ( act=db&op=db ) 
ERR: Db Error: Table 'shopx.tablepremb_feedback' doesn't exist
SHOW CREATE TABLE TABLEPREmb_feedback
[2015-01-22 23:41:06] /admin/index.php?act=db&op=db&step=1 ( act=db&op=db ) 
ERR: Db Error: Table 'shopx.tablepremb_payment' doesn't exist
SHOW CREATE TABLE TABLEPREmb_payment
[2015-01-22 23:41:06] /admin/index.php?act=db&op=db&step=1 ( act=db&op=db ) 
ERR: Db Error: Table 'shopx.tablepremb_special' doesn't exist
SHOW CREATE TABLE TABLEPREmb_special
[2015-01-22 23:41:06] /admin/index.php?act=db&op=db&step=1 ( act=db&op=db ) 
ERR: Db Error: Table 'shopx.tablepremb_special_item' doesn't exist
SHOW CREATE TABLE TABLEPREmb_special_item
[2015-01-22 23:41:06] /admin/index.php?act=db&op=db&step=1 ( act=db&op=db ) 
ERR: Db Error: Table 'shopx.tablepremb_user_token' doesn't exist
SHOW CREATE TABLE TABLEPREmb_user_token
[2015-01-22 23:41:06] /admin/index.php?act=db&op=db&step=1 ( act=db&op=db ) 
ERR: Db Error: Table 'shopx.tablepremember' doesn't exist
SHOW CREATE TABLE TABLEPREmember
[2015-01-22 23:41:06] /admin/index.php?act=db&op=db&step=1 ( act=db&op=db ) 
ERR: Db Error: Table 'shopx.tablepremember_common' doesn't exist
SHOW CREATE TABLE TABLEPREmember_common
[2015-01-22 23:41:06] /admin/index.php?act=db&op=db&step=1 ( act=db&op=db ) 
ERR: Db Error: Table 'shopx.tablepremember_msg_setting' doesn't exist
SHOW CREATE TABLE TABLEPREmember_msg_setting
[2015-01-22 23:41:06] /admin/index.php?act=db&op=db&step=1 ( act=db&op=db ) 
ERR: Db Error: Table 'shopx.tablepremember_msg_tpl' doesn't exist
SHOW CREATE TABLE TABLEPREmember_msg_tpl
[2015-01-22 23:41:06] /admin/index.php?act=db&op=db&step=1 ( act=db&op=db ) 
ERR: Db Error: Table 'shopx.tablepremessage' doesn't exist
SHOW CREATE TABLE TABLEPREmessage
[2015-01-22 23:41:06] /admin/index.php?act=db&op=db&step=1 ( act=db&op=db ) 
ERR: Db Error: Table 'shopx.tablepremicro_adv' doesn't exist
SHOW CREATE TABLE TABLEPREmicro_adv
[2015-01-22 23:41:06] /admin/index.php?act=db&op=db&step=1 ( act=db&op=db ) 
ERR: Db Error: Table 'shopx.tablepremicro_comment' doesn't exist
SHOW CREATE TABLE TABLEPREmicro_comment
[2015-01-22 23:41:06] /admin/index.php?act=db&op=db&step=1 ( act=db&op=db ) 
ERR: Db Error: Table 'shopx.tablepremicro_goods' doesn't exist
SHOW CREATE TABLE TABLEPREmicro_goods
[2015-01-22 23:41:06] /admin/index.php?act=db&op=db&step=1 ( act=db&op=db ) 
ERR: Db Error: Table 'shopx.tablepremicro_goods_class' doesn't exist
SHOW CREATE TABLE TABLEPREmicro_goods_class
[2015-01-22 23:41:06] /admin/index.php?act=db&op=db&step=1 ( act=db&op=db ) 
ERR: Db Error: Table 'shopx.tablepremicro_goods_relation' doesn't exist
SHOW CREATE TABLE TABLEPREmicro_goods_relation
[2015-01-22 23:41:06] /admin/index.php?act=db&op=db&step=1 ( act=db&op=db ) 
ERR: Db Error: Table 'shopx.tablepremicro_like' doesn't exist
SHOW CREATE TABLE TABLEPREmicro_like
[2015-01-22 23:41:06] /admin/index.php?act=db&op=db&step=1 ( act=db&op=db ) 
ERR: Db Error: Table 'shopx.tablepremicro_member_info' doesn't exist
SHOW CREATE TABLE TABLEPREmicro_member_info
[2015-01-22 23:41:06] /admin/index.php?act=db&op=db&step=1 ( act=db&op=db ) 
ERR: Db Error: Table 'shopx.tablepremicro_personal' doesn't exist
SHOW CREATE TABLE TABLEPREmicro_personal
[2015-01-22 23:41:06] /admin/index.php?act=db&op=db&step=1 ( act=db&op=db ) 
ERR: Db Error: Table 'shopx.tablepremicro_personal_class' doesn't exist
SHOW CREATE TABLE TABLEPREmicro_personal_class
[2015-01-22 23:41:06] /admin/index.php?act=db&op=db&step=1 ( act=db&op=db ) 
ERR: Db Error: Table 'shopx.tablepremicro_store' doesn't exist
SHOW CREATE TABLE TABLEPREmicro_store
[2015-01-22 23:41:06] /admin/index.php?act=db&op=db&step=1 ( act=db&op=db ) 
ERR: Db Error: Table 'shopx.tableprenavigation' doesn't exist
SHOW CREATE TABLE TABLEPREnavigation
[2015-01-22 23:41:06] /admin/index.php?act=db&op=db&step=1 ( act=db&op=db ) 
ERR: Db Error: Table 'shopx.tablepreoffpay_area' doesn't exist
SHOW CREATE TABLE TABLEPREoffpay_area
[2015-01-22 23:41:06] /admin/index.php?act=db&op=db&step=1 ( act=db&op=db ) 
ERR: Db Error: Table 'shopx.tablepreorder' doesn't exist
SHOW CREATE TABLE TABLEPREorder
[2015-01-22 23:41:06] /admin/index.php?act=db&op=db&step=1 ( act=db&op=db ) 
ERR: Db Error: Table 'shopx.tablepreorder_bill' doesn't exist
SHOW CREATE TABLE TABLEPREorder_bill
[2015-01-22 23:41:06] /admin/index.php?act=db&op=db&step=1 ( act=db&op=db ) 
ERR: Db Error: Table 'shopx.tablepreorder_common' doesn't exist
SHOW CREATE TABLE TABLEPREorder_common
[2015-01-22 23:41:06] /admin/index.php?act=db&op=db&step=1 ( act=db&op=db ) 
ERR: Db Error: Table 'shopx.tablepreorder_goods' doesn't exist
SHOW CREATE TABLE TABLEPREorder_goods
[2015-01-22 23:41:06] /admin/index.php?act=db&op=db&step=1 ( act=db&op=db ) 
ERR: Db Error: Table 'shopx.tablepreorder_log' doesn't exist
SHOW CREATE TABLE TABLEPREorder_log
[2015-01-22 23:41:06] /admin/index.php?act=db&op=db&step=1 ( act=db&op=db ) 
ERR: Db Error: Table 'shopx.tablepreorder_pay' doesn't exist
SHOW CREATE TABLE TABLEPREorder_pay
[2015-01-22 23:41:06] /admin/index.php?act=db&op=db&step=1 ( act=db&op=db ) 
ERR: Db Error: Table 'shopx.tablepreorder_statis' doesn't exist
SHOW CREATE TABLE TABLEPREorder_statis
[2015-01-22 23:41:06] /admin/index.php?act=db&op=db&step=1 ( act=db&op=db ) 
ERR: Db Error: Table 'shopx.tableprep_booth_goods' doesn't exist
SHOW CREATE TABLE TABLEPREp_booth_goods
[2015-01-22 23:41:06] /admin/index.php?act=db&op=db&step=1 ( act=db&op=db ) 
ERR: Db Error: Table 'shopx.tableprep_booth_quota' doesn't exist
SHOW CREATE TABLE TABLEPREp_booth_quota
[2015-01-22 23:41:06] /admin/index.php?act=db&op=db&step=1 ( act=db&op=db ) 
ERR: Db Error: Table 'shopx.tableprep_bundling' doesn't exist
SHOW CREATE TABLE TABLEPREp_bundling
[2015-01-22 23:41:06] /admin/index.php?act=db&op=db&step=1 ( act=db&op=db ) 
ERR: Db Error: Table 'shopx.tableprep_bundling_goods' doesn't exist
SHOW CREATE TABLE TABLEPREp_bundling_goods
[2015-01-22 23:41:06] /admin/index.php?act=db&op=db&step=1 ( act=db&op=db ) 
ERR: Db Error: Table 'shopx.tableprep_bundling_quota' doesn't exist
SHOW CREATE TABLE TABLEPREp_bundling_quota
[2015-01-22 23:41:06] /admin/index.php?act=db&op=db&step=1 ( act=db&op=db ) 
ERR: Db Error: Table 'shopx.tableprep_mansong' doesn't exist
SHOW CREATE TABLE TABLEPREp_mansong
[2015-01-22 23:41:06] /admin/index.php?act=db&op=db&step=1 ( act=db&op=db ) 
ERR: Db Error: Table 'shopx.tableprep_mansong_quota' doesn't exist
SHOW CREATE TABLE TABLEPREp_mansong_quota
[2015-01-22 23:41:06] /admin/index.php?act=db&op=db&step=1 ( act=db&op=db ) 
ERR: Db Error: Table 'shopx.tableprep_mansong_rule' doesn't exist
SHOW CREATE TABLE TABLEPREp_mansong_rule
[2015-01-22 23:41:06] /admin/index.php?act=db&op=db&step=1 ( act=db&op=db ) 
ERR: Db Error: Table 'shopx.tableprep_xianshi' doesn't exist
SHOW CREATE TABLE TABLEPREp_xianshi
[2015-01-22 23:41:06] /admin/index.php?act=db&op=db&step=1 ( act=db&op=db ) 
ERR: Db Error: Table 'shopx.tableprep_xianshi_goods' doesn't exist
SHOW CREATE TABLE TABLEPREp_xianshi_goods
[2015-01-22 23:41:06] /admin/index.php?act=db&op=db&step=1 ( act=db&op=db ) 
ERR: Db Error: Table 'shopx.tableprep_xianshi_quota' doesn't exist
SHOW CREATE TABLE TABLEPREp_xianshi_quota
[2015-01-22 23:41:06] /admin/index.php?act=db&op=db&step=1 ( act=db&op=db ) 
ERR: Db Error: Table 'shopx.tableprepayment' doesn't exist
SHOW CREATE TABLE TABLEPREpayment
[2015-01-22 23:41:06] /admin/index.php?act=db&op=db&step=1 ( act=db&op=db ) 
ERR: Db Error: Table 'shopx.tableprepd_cash' doesn't exist
SHOW CREATE TABLE TABLEPREpd_cash
[2015-01-22 23:41:06] /admin/index.php?act=db&op=db&step=1 ( act=db&op=db ) 
ERR: Db Error: Table 'shopx.tableprepd_log' doesn't exist
SHOW CREATE TABLE TABLEPREpd_log
[2015-01-22 23:41:06] /admin/index.php?act=db&op=db&step=1 ( act=db&op=db ) 
ERR: Db Error: Table 'shopx.tableprepd_recharge' doesn't exist
SHOW CREATE TABLE TABLEPREpd_recharge
[2015-01-22 23:41:06] /admin/index.php?act=db&op=db&step=1 ( act=db&op=db ) 
ERR: Db Error: Table 'shopx.tableprepoints_cart' doesn't exist
SHOW CREATE TABLE TABLEPREpoints_cart
[2015-01-22 23:41:06] /admin/index.php?act=db&op=db&step=1 ( act=db&op=db ) 
ERR: Db Error: Table 'shopx.tableprepoints_goods' doesn't exist
SHOW CREATE TABLE TABLEPREpoints_goods
[2015-01-22 23:41:06] /admin/index.php?act=db&op=db&step=1 ( act=db&op=db ) 
ERR: Db Error: Table 'shopx.tableprepoints_log' doesn't exist
SHOW CREATE TABLE TABLEPREpoints_log
[2015-01-22 23:41:06] /admin/index.php?act=db&op=db&step=1 ( act=db&op=db ) 
ERR: Db Error: Table 'shopx.tableprepoints_order' doesn't exist
SHOW CREATE TABLE TABLEPREpoints_order
[2015-01-22 23:41:06] /admin/index.php?act=db&op=db&step=1 ( act=db&op=db ) 
ERR: Db Error: Table 'shopx.tableprepoints_orderaddress' doesn't exist
SHOW CREATE TABLE TABLEPREpoints_orderaddress
[2015-01-22 23:41:06] /admin/index.php?act=db&op=db&step=1 ( act=db&op=db ) 
ERR: Db Error: Table 'shopx.tableprepoints_ordergoods' doesn't exist
SHOW CREATE TABLE TABLEPREpoints_ordergoods
[2015-01-22 23:41:06] /admin/index.php?act=db&op=db&step=1 ( act=db&op=db ) 
ERR: Db Error: Table 'shopx.tableprercb_log' doesn't exist
SHOW CREATE TABLE TABLEPRErcb_log
[2015-01-22 23:41:06] /admin/index.php?act=db&op=db&step=1 ( act=db&op=db ) 
ERR: Db Error: Table 'shopx.tableprerec_position' doesn't exist
SHOW CREATE TABLE TABLEPRErec_position
[2015-01-22 23:41:06] /admin/index.php?act=db&op=db&step=1 ( act=db&op=db ) 
ERR: Db Error: Table 'shopx.tableprerechargecard' doesn't exist
SHOW CREATE TABLE TABLEPRErechargecard
[2015-01-22 23:41:06] /admin/index.php?act=db&op=db&step=1 ( act=db&op=db ) 
ERR: Db Error: Table 'shopx.tableprerefund_reason' doesn't exist
SHOW CREATE TABLE TABLEPRErefund_reason
[2015-01-22 23:41:06] /admin/index.php?act=db&op=db&step=1 ( act=db&op=db ) 
ERR: Db Error: Table 'shopx.tableprerefund_return' doesn't exist
SHOW CREATE TABLE TABLEPRErefund_return
[2015-01-22 23:41:06] /admin/index.php?act=db&op=db&step=1 ( act=db&op=db ) 
ERR: Db Error: Table 'shopx.tablepreseller' doesn't exist
SHOW CREATE TABLE TABLEPREseller
[2015-01-22 23:41:06] /admin/index.php?act=db&op=db&step=1 ( act=db&op=db ) 
ERR: Db Error: Table 'shopx.tablepreseller_group' doesn't exist
SHOW CREATE TABLE TABLEPREseller_group
[2015-01-22 23:41:06] /admin/index.php?act=db&op=db&step=1 ( act=db&op=db ) 
ERR: Db Error: Table 'shopx.tablepreseller_log' doesn't exist
SHOW CREATE TABLE TABLEPREseller_log
[2015-01-22 23:41:06] /admin/index.php?act=db&op=db&step=1 ( act=db&op=db ) 
ERR: Db Error: Table 'shopx.tablepreseo' doesn't exist
SHOW CREATE TABLE TABLEPREseo
[2015-01-22 23:41:06] /admin/index.php?act=db&op=db&step=1 ( act=db&op=db ) 
ERR: Db Error: Table 'shopx.tablepresetting' doesn't exist
SHOW CREATE TABLE TABLEPREsetting
[2015-01-22 23:41:06] /admin/index.php?act=db&op=db&step=1 ( act=db&op=db ) 
ERR: Db Error: Table 'shopx.tablepresns_albumclass' doesn't exist
SHOW CREATE TABLE TABLEPREsns_albumclass
[2015-01-22 23:41:06] /admin/index.php?act=db&op=db&step=1 ( act=db&op=db ) 
ERR: Db Error: Table 'shopx.tablepresns_albumpic' doesn't exist
SHOW CREATE TABLE TABLEPREsns_albumpic
[2015-01-22 23:41:06] /admin/index.php?act=db&op=db&step=1 ( act=db&op=db ) 
ERR: Db Error: Table 'shopx.tablepresns_binding' doesn't exist
SHOW CREATE TABLE TABLEPREsns_binding
[2015-01-22 23:41:06] /admin/index.php?act=db&op=db&step=1 ( act=db&op=db ) 
ERR: Db Error: Table 'shopx.tablepresns_comment' doesn't exist
SHOW CREATE TABLE TABLEPREsns_comment
[2015-01-22 23:41:06] /admin/index.php?act=db&op=db&step=1 ( act=db&op=db ) 
ERR: Db Error: Table 'shopx.tablepresns_friend' doesn't exist
SHOW CREATE TABLE TABLEPREsns_friend
[2015-01-22 23:41:06] /admin/index.php?act=db&op=db&step=1 ( act=db&op=db ) 
ERR: Db Error: Table 'shopx.tablepresns_goods' doesn't exist
SHOW CREATE TABLE TABLEPREsns_goods
[2015-01-22 23:41:06] /admin/index.php?act=db&op=db&step=1 ( act=db&op=db ) 
ERR: Db Error: Table 'shopx.tablepresns_membertag' doesn't exist
SHOW CREATE TABLE TABLEPREsns_membertag
[2015-01-22 23:41:06] /admin/index.php?act=db&op=db&step=1 ( act=db&op=db ) 
ERR: Db Error: Table 'shopx.tablepresns_mtagmember' doesn't exist
SHOW CREATE TABLE TABLEPREsns_mtagmember
[2015-01-22 23:41:06] /admin/index.php?act=db&op=db&step=1 ( act=db&op=db ) 
ERR: Db Error: Table 'shopx.tablepresns_setting' doesn't exist
SHOW CREATE TABLE TABLEPREsns_setting
[2015-01-22 23:41:06] /admin/index.php?act=db&op=db&step=1 ( act=db&op=db ) 
ERR: Db Error: Table 'shopx.tablepresns_sharegoods' doesn't exist
SHOW CREATE TABLE TABLEPREsns_sharegoods
[2015-01-22 23:41:06] /admin/index.php?act=db&op=db&step=1 ( act=db&op=db ) 
ERR: Db Error: Table 'shopx.tablepresns_sharestore' doesn't exist
SHOW CREATE TABLE TABLEPREsns_sharestore
[2015-01-22 23:41:06] /admin/index.php?act=db&op=db&step=1 ( act=db&op=db ) 
ERR: Db Error: Table 'shopx.tablepresns_tracelog' doesn't exist
SHOW CREATE TABLE TABLEPREsns_tracelog
[2015-01-22 23:41:06] /admin/index.php?act=db&op=db&step=1 ( act=db&op=db ) 
ERR: Db Error: Table 'shopx.tablepresns_visitor' doesn't exist
SHOW CREATE TABLE TABLEPREsns_visitor
[2015-01-22 23:41:06] /admin/index.php?act=db&op=db&step=1 ( act=db&op=db ) 
ERR: Db Error: Table 'shopx.tableprespec' doesn't exist
SHOW CREATE TABLE TABLEPREspec
[2015-01-22 23:41:06] /admin/index.php?act=db&op=db&step=1 ( act=db&op=db ) 
ERR: Db Error: Table 'shopx.tableprespec_value' doesn't exist
SHOW CREATE TABLE TABLEPREspec_value
[2015-01-22 23:41:06] /admin/index.php?act=db&op=db&step=1 ( act=db&op=db ) 
ERR: Db Error: Table 'shopx.tableprestat_member' doesn't exist
SHOW CREATE TABLE TABLEPREstat_member
[2015-01-22 23:41:06] /admin/index.php?act=db&op=db&step=1 ( act=db&op=db ) 
ERR: Db Error: Table 'shopx.tableprestat_order' doesn't exist
SHOW CREATE TABLE TABLEPREstat_order
[2015-01-22 23:41:06] /admin/index.php?act=db&op=db&step=1 ( act=db&op=db ) 
ERR: Db Error: Table 'shopx.tableprestat_ordergoods' doesn't exist
SHOW CREATE TABLE TABLEPREstat_ordergoods
[2015-01-22 23:41:06] /admin/index.php?act=db&op=db&step=1 ( act=db&op=db ) 
ERR: Db Error: Table 'shopx.tableprestore' doesn't exist
SHOW CREATE TABLE TABLEPREstore
[2015-01-22 23:41:06] /admin/index.php?act=db&op=db&step=1 ( act=db&op=db ) 
ERR: Db Error: Table 'shopx.tableprestore_bind_class' doesn't exist
SHOW CREATE TABLE TABLEPREstore_bind_class
[2015-01-22 23:41:06] /admin/index.php?act=db&op=db&step=1 ( act=db&op=db ) 
ERR: Db Error: Table 'shopx.tableprestore_class' doesn't exist
SHOW CREATE TABLE TABLEPREstore_class
[2015-01-22 23:41:06] /admin/index.php?act=db&op=db&step=1 ( act=db&op=db ) 
ERR: Db Error: Table 'shopx.tableprestore_cost' doesn't exist
SHOW CREATE TABLE TABLEPREstore_cost
[2015-01-22 23:41:06] /admin/index.php?act=db&op=db&step=1 ( act=db&op=db ) 
ERR: Db Error: Table 'shopx.tableprestore_decoration' doesn't exist
SHOW CREATE TABLE TABLEPREstore_decoration
[2015-01-22 23:41:06] /admin/index.php?act=db&op=db&step=1 ( act=db&op=db ) 
ERR: Db Error: Table 'shopx.tableprestore_decoration_album' doesn't exist
SHOW CREATE TABLE TABLEPREstore_decoration_album
[2015-01-22 23:41:06] /admin/index.php?act=db&op=db&step=1 ( act=db&op=db ) 
ERR: Db Error: Table 'shopx.tableprestore_decoration_block' doesn't exist
SHOW CREATE TABLE TABLEPREstore_decoration_block
[2015-01-22 23:41:06] /admin/index.php?act=db&op=db&step=1 ( act=db&op=db ) 
ERR: Db Error: Table 'shopx.tableprestore_extend' doesn't exist
SHOW CREATE TABLE TABLEPREstore_extend
[2015-01-22 23:41:06] /admin/index.php?act=db&op=db&step=1 ( act=db&op=db ) 
ERR: Db Error: Table 'shopx.tableprestore_goods_class' doesn't exist
SHOW CREATE TABLE TABLEPREstore_goods_class
[2015-01-22 23:41:06] /admin/index.php?act=db&op=db&step=1 ( act=db&op=db ) 
ERR: Db Error: Table 'shopx.tableprestore_grade' doesn't exist
SHOW CREATE TABLE TABLEPREstore_grade
[2015-01-22 23:41:06] /admin/index.php?act=db&op=db&step=1 ( act=db&op=db ) 
ERR: Db Error: Table 'shopx.tableprestore_joinin' doesn't exist
SHOW CREATE TABLE TABLEPREstore_joinin
[2015-01-22 23:41:06] /admin/index.php?act=db&op=db&step=1 ( act=db&op=db ) 
ERR: Db Error: Table 'shopx.tableprestore_msg' doesn't exist
SHOW CREATE TABLE TABLEPREstore_msg
[2015-01-22 23:41:06] /admin/index.php?act=db&op=db&step=1 ( act=db&op=db ) 
ERR: Db Error: Table 'shopx.tableprestore_msg_read' doesn't exist
SHOW CREATE TABLE TABLEPREstore_msg_read
[2015-01-22 23:41:06] /admin/index.php?act=db&op=db&step=1 ( act=db&op=db ) 
ERR: Db Error: Table 'shopx.tableprestore_msg_setting' doesn't exist
SHOW CREATE TABLE TABLEPREstore_msg_setting
[2015-01-22 23:41:06] /admin/index.php?act=db&op=db&step=1 ( act=db&op=db ) 
ERR: Db Error: Table 'shopx.tableprestore_msg_tpl' doesn't exist
SHOW CREATE TABLE TABLEPREstore_msg_tpl
[2015-01-22 23:41:06] /admin/index.php?act=db&op=db&step=1 ( act=db&op=db ) 
ERR: Db Error: Table 'shopx.tableprestore_navigation' doesn't exist
SHOW CREATE TABLE TABLEPREstore_navigation
[2015-01-22 23:41:06] /admin/index.php?act=db&op=db&step=1 ( act=db&op=db ) 
ERR: Db Error: Table 'shopx.tableprestore_plate' doesn't exist
SHOW CREATE TABLE TABLEPREstore_plate
[2015-01-22 23:41:06] /admin/index.php?act=db&op=db&step=1 ( act=db&op=db ) 
ERR: Db Error: Table 'shopx.tableprestore_reopen' doesn't exist
SHOW CREATE TABLE TABLEPREstore_reopen
[2015-01-22 23:41:06] /admin/index.php?act=db&op=db&step=1 ( act=db&op=db ) 
ERR: Db Error: Table 'shopx.tableprestore_sns_comment' doesn't exist
SHOW CREATE TABLE TABLEPREstore_sns_comment
[2015-01-22 23:41:06] /admin/index.php?act=db&op=db&step=1 ( act=db&op=db ) 
ERR: Db Error: Table 'shopx.tableprestore_sns_setting' doesn't exist
SHOW CREATE TABLE TABLEPREstore_sns_setting
[2015-01-22 23:41:06] /admin/index.php?act=db&op=db&step=1 ( act=db&op=db ) 
ERR: Db Error: Table 'shopx.tableprestore_sns_tracelog' doesn't exist
SHOW CREATE TABLE TABLEPREstore_sns_tracelog
[2015-01-22 23:41:06] /admin/index.php?act=db&op=db&step=1 ( act=db&op=db ) 
ERR: Db Error: Table 'shopx.tableprestore_watermark' doesn't exist
SHOW CREATE TABLE TABLEPREstore_watermark
[2015-01-22 23:41:06] /admin/index.php?act=db&op=db&step=1 ( act=db&op=db ) 
ERR: Db Error: Table 'shopx.tableprestore_waybill' doesn't exist
SHOW CREATE TABLE TABLEPREstore_waybill
[2015-01-22 23:41:06] /admin/index.php?act=db&op=db&step=1 ( act=db&op=db ) 
ERR: Db Error: Table 'shopx.tablepretransport' doesn't exist
SHOW CREATE TABLE TABLEPREtransport
[2015-01-22 23:41:06] /admin/index.php?act=db&op=db&step=1 ( act=db&op=db ) 
ERR: Db Error: Table 'shopx.tablepretransport_extend' doesn't exist
SHOW CREATE TABLE TABLEPREtransport_extend
[2015-01-22 23:41:06] /admin/index.php?act=db&op=db&step=1 ( act=db&op=db ) 
ERR: Db Error: Table 'shopx.tablepretype' doesn't exist
SHOW CREATE TABLE TABLEPREtype
[2015-01-22 23:41:06] /admin/index.php?act=db&op=db&step=1 ( act=db&op=db ) 
ERR: Db Error: Table 'shopx.tablepretype_brand' doesn't exist
SHOW CREATE TABLE TABLEPREtype_brand
[2015-01-22 23:41:06] /admin/index.php?act=db&op=db&step=1 ( act=db&op=db ) 
ERR: Db Error: Table 'shopx.tablepretype_spec' doesn't exist
SHOW CREATE TABLE TABLEPREtype_spec
[2015-01-22 23:41:06] /admin/index.php?act=db&op=db&step=1 ( act=db&op=db ) 
ERR: Db Error: Table 'shopx.tablepreupload' doesn't exist
SHOW CREATE TABLE TABLEPREupload
[2015-01-22 23:41:06] /admin/index.php?act=db&op=db&step=1 ( act=db&op=db ) 
ERR: Db Error: Table 'shopx.tableprevoucher' doesn't exist
SHOW CREATE TABLE TABLEPREvoucher
[2015-01-22 23:41:06] /admin/index.php?act=db&op=db&step=1 ( act=db&op=db ) 
ERR: Db Error: Table 'shopx.tableprevoucher_price' doesn't exist
SHOW CREATE TABLE TABLEPREvoucher_price
[2015-01-22 23:41:06] /admin/index.php?act=db&op=db&step=1 ( act=db&op=db ) 
ERR: Db Error: Table 'shopx.tableprevoucher_quota' doesn't exist
SHOW CREATE TABLE TABLEPREvoucher_quota
[2015-01-22 23:41:06] /admin/index.php?act=db&op=db&step=1 ( act=db&op=db ) 
ERR: Db Error: Table 'shopx.tableprevoucher_template' doesn't exist
SHOW CREATE TABLE TABLEPREvoucher_template
[2015-01-22 23:41:06] /admin/index.php?act=db&op=db&step=1 ( act=db&op=db ) 
ERR: Db Error: Table 'shopx.tableprevr_groupbuy_area' doesn't exist
SHOW CREATE TABLE TABLEPREvr_groupbuy_area
[2015-01-22 23:41:06] /admin/index.php?act=db&op=db&step=1 ( act=db&op=db ) 
ERR: Db Error: Table 'shopx.tableprevr_groupbuy_class' doesn't exist
SHOW CREATE TABLE TABLEPREvr_groupbuy_class
[2015-01-22 23:41:06] /admin/index.php?act=db&op=db&step=1 ( act=db&op=db ) 
ERR: Db Error: Table 'shopx.tableprevr_order' doesn't exist
SHOW CREATE TABLE TABLEPREvr_order
[2015-01-22 23:41:06] /admin/index.php?act=db&op=db&step=1 ( act=db&op=db ) 
ERR: Db Error: Table 'shopx.tableprevr_order_bill' doesn't exist
SHOW CREATE TABLE TABLEPREvr_order_bill
[2015-01-22 23:41:06] /admin/index.php?act=db&op=db&step=1 ( act=db&op=db ) 
ERR: Db Error: Table 'shopx.tableprevr_order_code' doesn't exist
SHOW CREATE TABLE TABLEPREvr_order_code
[2015-01-22 23:41:06] /admin/index.php?act=db&op=db&step=1 ( act=db&op=db ) 
ERR: Db Error: Table 'shopx.tableprevr_order_statis' doesn't exist
SHOW CREATE TABLE TABLEPREvr_order_statis
[2015-01-22 23:41:06] /admin/index.php?act=db&op=db&step=1 ( act=db&op=db ) 
ERR: Db Error: Table 'shopx.tableprevr_refund' doesn't exist
SHOW CREATE TABLE TABLEPREvr_refund
[2015-01-22 23:41:06] /admin/index.php?act=db&op=db&step=1 ( act=db&op=db ) 
ERR: Db Error: Table 'shopx.tableprewaybill' doesn't exist
SHOW CREATE TABLE TABLEPREwaybill
[2015-01-22 23:41:06] /admin/index.php?act=db&op=db&step=1 ( act=db&op=db ) 
ERR: Db Error: Table 'shopx.tablepreweb' doesn't exist
SHOW CREATE TABLE TABLEPREweb
[2015-01-22 23:41:06] /admin/index.php?act=db&op=db&step=1 ( act=db&op=db ) 
ERR: Db Error: Table 'shopx.tablepreweb_code' doesn't exist
SHOW CREATE TABLE TABLEPREweb_code
[2015-01-22 23:41:06] /admin/index.php?act=db&op=db&step=1 ( act=db&op=db ) 
ERR: Db Error: Table 'shopx.tablepreweb_special' doesn't exist
SHOW CREATE TABLE TABLEPREweb_special
